<?xml version="1.0" encoding="UTF-8"?>
<testng-results ignored="0" total="2" passed="2" failed="0" skipped="0">
  <reporter-output>
  </reporter-output>
  <suite started-at="2023-02-28T14:17:18 IST" name="Default suite" finished-at="2023-02-28T14:17:18 IST" duration-ms="81">
    <groups>
    </groups>
    <test started-at="2023-02-28T14:17:18 IST" name="Default test" finished-at="2023-02-28T14:17:18 IST" duration-ms="81">
      <class name="Loans.Bike_Loan">
        <test-method is-config="true" signature="bfs()[pri:0, instance:Loans.Bike_Loan@31e5415e]" started-at="2023-02-28T14:17:18 IST" name="bfs" finished-at="2023-02-28T14:17:18 IST" duration-ms="15" status="PASS">
          <reporter-output>
          </reporter-output>
        </test-method> <!-- bfs -->
        <test-method is-config="true" signature="bft()[pri:0, instance:Loans.Bike_Loan@31e5415e]" started-at="2023-02-28T14:17:18 IST" name="bft" finished-at="2023-02-28T14:17:18 IST" duration-ms="1" status="PASS">
          <reporter-output>
          </reporter-output>
        </test-method> <!-- bft -->
        <test-method is-config="true" signature="bfc()[pri:0, instance:Loans.Bike_Loan@31e5415e]" started-at="2023-02-28T14:17:18 IST" name="bfc" finished-at="2023-02-28T14:17:18 IST" duration-ms="1" status="PASS">
          <reporter-output>
          </reporter-output>
        </test-method> <!-- bfc -->
        <test-method is-config="true" signature="bfm()[pri:0, instance:Loans.Bike_Loan@31e5415e]" started-at="2023-02-28T14:17:18 IST" name="bfm" finished-at="2023-02-28T14:17:18 IST" duration-ms="1" status="PASS">
          <reporter-output>
          </reporter-output>
        </test-method> <!-- bfm -->
        <test-method signature="Secured()[pri:0, instance:Loans.Bike_Loan@31e5415e]" started-at="2023-02-28T14:17:18 IST" name="Secured" finished-at="2023-02-28T14:17:18 IST" duration-ms="9" status="PASS">
          <reporter-output>
          </reporter-output>
        </test-method> <!-- Secured -->
        <test-method is-config="true" signature="afm()[pri:0, instance:Loans.Bike_Loan@31e5415e]" started-at="2023-02-28T14:17:18 IST" name="afm" finished-at="2023-02-28T14:17:18 IST" duration-ms="0" status="PASS">
          <reporter-output>
          </reporter-output>
        </test-method> <!-- afm -->
        <test-method is-config="true" signature="bfm()[pri:0, instance:Loans.Bike_Loan@31e5415e]" started-at="2023-02-28T14:17:18 IST" name="bfm" finished-at="2023-02-28T14:17:18 IST" duration-ms="1" status="PASS">
          <reporter-output>
          </reporter-output>
        </test-method> <!-- bfm -->
        <test-method signature="Unsecured()[pri:0, instance:Loans.Bike_Loan@31e5415e]" started-at="2023-02-28T14:17:18 IST" name="Unsecured" finished-at="2023-02-28T14:17:18 IST" duration-ms="2" status="PASS">
          <reporter-output>
          </reporter-output>
        </test-method> <!-- Unsecured -->
        <test-method is-config="true" signature="afm()[pri:0, instance:Loans.Bike_Loan@31e5415e]" started-at="2023-02-28T14:17:18 IST" name="afm" finished-at="2023-02-28T14:17:18 IST" duration-ms="0" status="PASS">
          <reporter-output>
          </reporter-output>
        </test-method> <!-- afm -->
        <test-method is-config="true" signature="afc()[pri:0, instance:Loans.Bike_Loan@31e5415e]" started-at="2023-02-28T14:17:18 IST" name="afc" finished-at="2023-02-28T14:17:18 IST" duration-ms="0" status="PASS">
          <reporter-output>
          </reporter-output>
        </test-method> <!-- afc -->
        <test-method is-config="true" signature="aft()[pri:0, instance:Loans.Bike_Loan@31e5415e]" started-at="2023-02-28T14:17:18 IST" name="aft" finished-at="2023-02-28T14:17:18 IST" duration-ms="1" status="PASS">
          <reporter-output>
          </reporter-output>
        </test-method> <!-- aft -->
        <test-method is-config="true" signature="afs()[pri:0, instance:Loans.Bike_Loan@31e5415e]" started-at="2023-02-28T14:17:18 IST" name="afs" finished-at="2023-02-28T14:17:18 IST" duration-ms="1" status="PASS">
          <reporter-output>
          </reporter-output>
        </test-method> <!-- afs -->
      </class> <!-- Loans.Bike_Loan -->
    </test> <!-- Default test -->
  </suite> <!-- Default suite -->
</testng-results>
