<?xml version="1.0" encoding="UTF-8"?>
<!-- Generated by org.testng.reporters.JUnitXMLReporter -->
<testsuite ignored="10" hostname="LAPTOP-KJNNN8MQ" failures="0" tests="5" name="Loans" time="0.093" errors="0" timestamp="2023-02-28T13:31:17 IST">
  <testcase classname="Loans.Bike_Loan" name="Secured" time="0.008"/>
  <testcase classname="Loans.Gold_Loan" name="GoldEMI" time="0.002"/>
  <testcase classname="Loans.Car_Loan" name="OldCar" time="0.002"/>
  <testcase classname="Loans.Car_Loan" name="OldCar" time="0.002"/>
  <testcase classname="Loans.Car_Loan" name="NewCar" time="0.002"/>
  <testcase classname="Loans.AnnotationClasses" name="@BeforeTest bft" time="0.0">
    <ignored/>
  </testcase> <!-- @BeforeTest bft -->
  <testcase classname="Loans.AnnotationClasses" name="@BeforeTest bft" time="0.0">
    <ignored/>
  </testcase> <!-- @BeforeTest bft -->
  <testcase classname="Loans.Bike_Loan" name="Unsecured" time="0.0">
    <ignored/>
  </testcase> <!-- Unsecured -->
  <testcase classname="Loans.AnnotationClasses" name="@AfterSuite afs" time="0.0">
    <ignored/>
  </testcase> <!-- @AfterSuite afs -->
  <testcase classname="Loans.AnnotationClasses" name="@AfterSuite afs" time="0.0">
    <ignored/>
  </testcase> <!-- @AfterSuite afs -->
  <testcase classname="Loans.Gold_Loan" name="GoldCollateral" time="0.0">
    <ignored/>
  </testcase> <!-- GoldCollateral -->
  <testcase classname="Loans.AnnotationClasses" name="@BeforeSuite bfs" time="0.0">
    <ignored/>
  </testcase> <!-- @BeforeSuite bfs -->
  <testcase classname="Loans.AnnotationClasses" name="@BeforeSuite bfs" time="0.0">
    <ignored/>
  </testcase> <!-- @BeforeSuite bfs -->
  <testcase classname="Loans.AnnotationClasses" name="@AfterTest aft" time="0.0">
    <ignored/>
  </testcase> <!-- @AfterTest aft -->
  <testcase classname="Loans.AnnotationClasses" name="@AfterTest aft" time="0.0">
    <ignored/>
  </testcase> <!-- @AfterTest aft -->
</testsuite> <!-- Loans -->
